<?xml version="1.0" encoding="UTF-8"?>
<!-- Generated by org.testng.reporters.JUnitReportReporter -->
<testsuite skipped="0" hostname="krish" name="p2.c3" tests="1" failures="0" timestamp="2024-03-12T20:45:51 IST" time="7.471" errors="0">
  <testcase name="t3" time="7.471" classname="p2.c3"/>
  <system-out/>
</testsuite> <!-- p2.c3 -->
