<?xml version="1.0" encoding="UTF-8"?>
<!-- Generated by org.testng.reporters.JUnitReportReporter -->
<testsuite skipped="0" hostname="krish" name="p1.c1" tests="1" failures="0" timestamp="2024-03-12T20:45:51 IST" time="10.603" errors="0">
  <testcase name="t1" time="10.603" classname="p1.c1"/>
  <system-out/>
</testsuite> <!-- p1.c1 -->
