<?xml version="1.0" encoding="UTF-8"?>
<!-- Generated by org.testng.reporters.JUnitReportReporter -->
<testsuite skipped="0" hostname="krish" name="excel.e1" tests="1" failures="0" timestamp="2024-03-13T20:29:13 IST" time="0.807" errors="0">
  <testcase name="t1" time="0.807" classname="excel.e1"/>
  <system-out/>
</testsuite> <!-- excel.e1 -->
